<?xml version="1.0" encoding="UTF-8"?>
<testsuite xmlns:xsi="http://www.w3.org/2001/XMLSchema-instance" xsi:noNamespaceSchemaLocation="https://maven.apache.org/surefire/maven-surefire-plugin/xsd/surefire-test-report-3.0.xsd" version="3.0" name="com.udacity.catpoint.SecurityServiceTest" time="3.471" tests="21" errors="0" skipped="0" failures="0">
  <properties>
[...]
</properties>
  <testcase name="shouldAnswerWithTrue" classname="com.udacity.catpoint.SecurityServiceTest" time="2.805"/>
  <testcase name="armedAndPendingAlarmActivateTest10(ArmingStatus)[1]" classname="com.udacity.catpoint.SecurityServiceTest" time="0.131"/>
  <testcase name="armedAndPendingAlarmActivateTest10(ArmingStatus)[2]" classname="com.udacity.catpoint.SecurityServiceTest" time="0.015"/>
  <testcase name="armedSystemTest1(ArmingStatus)[1]" classname="com.udacity.catpoint.SecurityServiceTest" time="0.04"/>
  <testcase name="armedSystemTest1(ArmingStatus)[2]" classname="com.udacity.catpoint.SecurityServiceTest" time="0.021"/>
  <testcase name="catImageArmedHomeTest5" classname="com.udacity.catpoint.SecurityServiceTest" time="0.028"/>
  <testcase name="alreadyDeactivatedTest6(AlarmStatus)[1]" classname="com.udacity.catpoint.SecurityServiceTest" time="0.01"/>
  <testcase name="alreadyDeactivatedTest6(AlarmStatus)[2]" classname="com.udacity.catpoint.SecurityServiceTest" time="0.01"/>
  <testcase name="alreadyDeactivatedTest6(AlarmStatus)[3]" classname="com.udacity.catpoint.SecurityServiceTest" time="0.021"/>
  <testcase name="returningAlarmStatus(AlarmStatus)[1]" classname="com.udacity.catpoint.SecurityServiceTest" time="0.01"/>
  <testcase name="returningAlarmStatus(AlarmStatus)[2]" classname="com.udacity.catpoint.SecurityServiceTest" time="0.018"/>
  <testcase name="returningAlarmStatus(AlarmStatus)[3]" classname="com.udacity.catpoint.SecurityServiceTest" time="0.011"/>
  <testcase name="disarmedSystemTest3" classname="com.udacity.catpoint.SecurityServiceTest" time="0.01"/>
  <testcase name="notCatImageTest4" classname="com.udacity.catpoint.SecurityServiceTest" time="0.01"/>
  <testcase name="armedAlarmChangeToPendingTest11(ArmingStatus)[1]" classname="com.udacity.catpoint.SecurityServiceTest" time="0.01"/>
  <testcase name="armedAlarmChangeToPendingTest11(ArmingStatus)[2]" classname="com.udacity.catpoint.SecurityServiceTest" time="0.021"/>
  <testcase name="pendingAlarmInactiveSensorsTest9" classname="com.udacity.catpoint.SecurityServiceTest" time="0.008"/>
  <testcase name="alreadyActivatedTest7" classname="com.udacity.catpoint.SecurityServiceTest" time="0.012"/>
  <testcase name="alreadyActiveSameStateTest8(Boolean)[1]" classname="com.udacity.catpoint.SecurityServiceTest" time="0.01"/>
  <testcase name="alreadyActiveSameStateTest8(Boolean)[2]" classname="com.udacity.catpoint.SecurityServiceTest" time="0.01"/>
  <testcase name="armedAndCatTest2" classname="com.udacity.catpoint.SecurityServiceTest" time="0.01"/>
</testsuite>